<?xml version="1.0" encoding="utf-8" standalone="no"?>
<test-run id="0" runstate="Runnable" testcasecount="2" result="Failed" total="1" passed="0" failed="1" inconclusive="0" skipped="0" asserts="0" engine-version="3.11.1.0" clr-version="4.0.30319.42000" start-time="2020-08-05 01:18:16Z" end-time="2020-08-05 01:18:49Z" duration="33.117533">
  <command-line><![CDATA[NunitConsole\nunit3-console.exe  --testparam:text="boa noitklkl</br>" --where cat="SendViaExcel"  whamess\bin\Debug\whamess.dll]]></command-line>
  <filter>
    <cat>SendViaExcel</cat>
  </filter>
  <test-suite type="Assembly" id="0-1003" name="whamess.dll" fullname="C:\samuel\whamess\whamess\bin\Debug\whamess.dll" runstate="Runnable" testcasecount="2" result="Failed" site="Child" start-time="2020-08-05 01:18:17Z" end-time="2020-08-05 01:18:49Z" duration="32.236364" total="1" passed="0" failed="1" warnings="0" inconclusive="0" skipped="0" asserts="0">
    <environment framework-version="3.12.0.0" clr-version="4.0.30319.42000" os-version="Microsoft Windows NT 6.1.7601.65536" platform="Win32NT" cwd="C:\samuel\whamess" machine-name="48594789-PC" user="SYSTEM" user-domain="WORKGROUP" culture="pt-BR" uiculture="en-US" os-architecture="x64" />
    <settings>
      <setting name="DisposeRunners" value="True" />
      <setting name="WorkDirectory" value="C:\samuel\whamess" />
      <setting name="TestParametersDictionary" value="[text, boa noitklkl&lt;/br&gt;]">
        <item key="text" value="boa noitklkl&lt;/br&gt;" />
      </setting>
      <setting name="TestParameters" value="text=boa noitklkl&lt;/br&gt;" />
      <setting name="ImageRuntimeVersion" value="4.0.30319" />
      <setting name="ImageTargetFrameworkName" value=".NETFramework,Version=v4.7.2" />
      <setting name="ImageRequiresX86" value="False" />
      <setting name="ImageRequiresDefaultAppDomainAssemblyResolver" value="False" />
      <setting name="RuntimeFramework" value="net-4.0" />
      <setting name="NumberOfTestWorkers" value="8" />
    </settings>
    <properties>
      <property name="_PID" value="8424" />
      <property name="_APPDOMAIN" value="domain-" />
    </properties>
    <failure>
      <message><![CDATA[One or more child tests had errors]]></message>
    </failure>
    <test-suite type="TestSuite" id="0-1004" name="whamess" fullname="whamess" runstate="Runnable" testcasecount="2" result="Failed" site="Child" start-time="2020-08-05 01:18:17Z" end-time="2020-08-05 01:18:49Z" duration="32.211899" total="1" passed="0" failed="1" warnings="0" inconclusive="0" skipped="0" asserts="0">
      <properties />
      <failure>
        <message><![CDATA[One or more child tests had errors]]></message>
      </failure>
      <test-suite type="TestFixture" id="0-1000" name="SendMessage" fullname="whamess.SendMessage" classname="whamess.SendMessage" runstate="Runnable" testcasecount="2" result="Failed" site="Child" start-time="2020-08-05 01:18:17Z" end-time="2020-08-05 01:18:49Z" duration="32.205929" total="1" passed="0" failed="1" warnings="0" inconclusive="0" skipped="0" asserts="0">
        <properties />
        <failure>
          <message><![CDATA[One or more child tests had errors]]></message>
        </failure>
        <test-case id="0-1002" name="SendViaExcel" fullname="whamess.SendMessage.SendViaExcel" methodname="SendViaExcel" classname="whamess.SendMessage" runstate="Runnable" seed="1524199785" result="Failed" label="Error" start-time="2020-08-05 01:18:17Z" end-time="2020-08-05 01:18:49Z" duration="32.190588" asserts="0">
          <properties>
            <property name="Category" value="SendViaExcel" />
          </properties>
          <failure>
            <message><![CDATA[System.NullReferenceException : Object reference not set to an instance of an object.]]></message>
            <stack-trace><![CDATA[   at whamess.SendMessage.SendViaExcel() in C:\samuel\Whamess\whamess\SendMessage.cs:line 78]]></stack-trace>
          </failure>
          <output><![CDATA[Erro: Retrieving the COM class factory for component with CLSID {00024500-0000-0000-C000-000000000046} failed due to the following error: 80080005 Server execution failed (Exception from HRESULT: 0x80080005 (CO_E_SERVER_EXEC_FAILURE)).
]]></output>
        </test-case>
      </test-suite>
    </test-suite>
  </test-suite>
</test-run>